<?xml version="1.0" encoding="UTF-8"?>
<testsuite xmlns:xsi="http://www.w3.org/2001/XMLSchema-instance" xsi:noNamespaceSchemaLocation="https://maven.apache.org/surefire/maven-surefire-plugin/xsd/surefire-test-report.xsd" name="service.LoginServiceTest" time="0.083" tests="2" errors="0" skipped="0" failures="0">
  <properties>
    <property name="gopherProxySet" value="false"/>
    <property name="awt.toolkit" value="sun.lwawt.macosx.LWCToolkit"/>
    <property name="java.specification.version" value="11"/>
    <property name="sun.cpu.isalist" value=""/>
    <property name="sun.jnu.encoding" value="UTF-8"/>
    <property name="java.class.path" value="/Users/ruben/Desktop/Big Idea/Chemistry-Buddy/target/test-classes:/Users/ruben/Desktop/Big Idea/Chemistry-Buddy/target/classes:/Users/ruben/.m2/repository/org/junit/jupiter/junit-jupiter/5.6.0-RC1/junit-jupiter-5.6.0-RC1.jar:/Users/ruben/.m2/repository/org/junit/jupiter/junit-jupiter-api/5.6.0-RC1/junit-jupiter-api-5.6.0-RC1.jar:/Users/ruben/.m2/repository/org/apiguardian/apiguardian-api/1.1.0/apiguardian-api-1.1.0.jar:/Users/ruben/.m2/repository/org/opentest4j/opentest4j/1.2.0/opentest4j-1.2.0.jar:/Users/ruben/.m2/repository/org/junit/platform/junit-platform-commons/1.6.0-RC1/junit-platform-commons-1.6.0-RC1.jar:/Users/ruben/.m2/repository/org/junit/jupiter/junit-jupiter-params/5.6.0-RC1/junit-jupiter-params-5.6.0-RC1.jar:/Users/ruben/.m2/repository/org/junit/jupiter/junit-jupiter-engine/5.6.0-RC1/junit-jupiter-engine-5.6.0-RC1.jar:/Users/ruben/.m2/repository/org/junit/platform/junit-platform-engine/1.6.0-RC1/junit-platform-engine-1.6.0-RC1.jar:/Users/ruben/.m2/repository/org/openjfx/javafx-controls/12.0.2/javafx-controls-12.0.2.jar:/Users/ruben/.m2/repository/org/openjfx/javafx-controls/12.0.2/javafx-controls-12.0.2-mac.jar:/Users/ruben/.m2/repository/org/openjfx/javafx-graphics/12.0.2/javafx-graphics-12.0.2.jar:/Users/ruben/.m2/repository/org/openjfx/javafx-graphics/12.0.2/javafx-graphics-12.0.2-mac.jar:/Users/ruben/.m2/repository/org/openjfx/javafx-base/12.0.2/javafx-base-12.0.2.jar:/Users/ruben/.m2/repository/org/openjfx/javafx-base/12.0.2/javafx-base-12.0.2-mac.jar:/Users/ruben/.m2/repository/org/openjfx/javafx-fxml/12.0.2/javafx-fxml-12.0.2.jar:/Users/ruben/.m2/repository/org/openjfx/javafx-fxml/12.0.2/javafx-fxml-12.0.2-mac.jar:/Users/ruben/.m2/repository/javax/activation/activation/1.1.1/activation-1.1.1.jar:/Users/ruben/.m2/repository/org/eclipse/jetty/jetty-server/9.2.3.v20140905/jetty-server-9.2.3.v20140905.jar:/Users/ruben/.m2/repository/javax/servlet/javax.servlet-api/3.1.0/javax.servlet-api-3.1.0.jar:/Users/ruben/.m2/repository/org/eclipse/jetty/jetty-http/9.2.3.v20140905/jetty-http-9.2.3.v20140905.jar:/Users/ruben/.m2/repository/org/eclipse/jetty/jetty-util/9.2.3.v20140905/jetty-util-9.2.3.v20140905.jar:/Users/ruben/.m2/repository/org/eclipse/jetty/jetty-io/9.2.3.v20140905/jetty-io-9.2.3.v20140905.jar:/Users/ruben/.m2/repository/org/eclipse/jetty/jetty-servlet/9.2.3.v20140905/jetty-servlet-9.2.3.v20140905.jar:/Users/ruben/.m2/repository/org/eclipse/jetty/jetty-security/9.2.3.v20140905/jetty-security-9.2.3.v20140905.jar:/Users/ruben/.m2/repository/org/glassfish/jersey/core/jersey-server/2.7/jersey-server-2.7.jar:/Users/ruben/.m2/repository/org/glassfish/jersey/core/jersey-common/2.7/jersey-common-2.7.jar:/Users/ruben/.m2/repository/org/glassfish/jersey/bundles/repackaged/jersey-guava/2.7/jersey-guava-2.7.jar:/Users/ruben/.m2/repository/org/glassfish/hk2/osgi-resource-locator/1.0.1/osgi-resource-locator-1.0.1.jar:/Users/ruben/.m2/repository/org/glassfish/jersey/core/jersey-client/2.7/jersey-client-2.7.jar:/Users/ruben/.m2/repository/javax/ws/rs/javax.ws.rs-api/2.0/javax.ws.rs-api-2.0.jar:/Users/ruben/.m2/repository/javax/annotation/javax.annotation-api/1.2/javax.annotation-api-1.2.jar:/Users/ruben/.m2/repository/org/glassfish/hk2/hk2-api/2.2.0/hk2-api-2.2.0.jar:/Users/ruben/.m2/repository/org/glassfish/hk2/hk2-utils/2.2.0/hk2-utils-2.2.0.jar:/Users/ruben/.m2/repository/org/glassfish/hk2/external/aopalliance-repackaged/2.2.0/aopalliance-repackaged-2.2.0.jar:/Users/ruben/.m2/repository/org/glassfish/hk2/external/javax.inject/2.2.0/javax.inject-2.2.0.jar:/Users/ruben/.m2/repository/org/glassfish/hk2/hk2-locator/2.2.0/hk2-locator-2.2.0.jar:/Users/ruben/.m2/repository/org/javassist/javassist/3.18.1-GA/javassist-3.18.1-GA.jar:/Users/ruben/.m2/repository/javax/validation/validation-api/1.1.0.Final/validation-api-1.1.0.Final.jar:/Users/ruben/.m2/repository/org/glassfish/jersey/containers/jersey-container-servlet-core/2.7/jersey-container-servlet-core-2.7.jar:/Users/ruben/.m2/repository/org/glassfish/jersey/containers/jersey-container-jetty-http/2.7/jersey-container-jetty-http-2.7.jar:/Users/ruben/.m2/repository/org/eclipse/jetty/jetty-continuation/9.1.1.v20140108/jetty-continuation-9.1.1.v20140108.jar:/Users/ruben/.m2/repository/org/glassfish/jersey/media/jersey-media-moxy/2.7/jersey-media-moxy-2.7.jar:/Users/ruben/.m2/repository/org/glassfish/jersey/ext/jersey-entity-filtering/2.7/jersey-entity-filtering-2.7.jar:/Users/ruben/.m2/repository/org/eclipse/persistence/org.eclipse.persistence.moxy/2.5.0/org.eclipse.persistence.moxy-2.5.0.jar:/Users/ruben/.m2/repository/org/eclipse/persistence/org.eclipse.persistence.core/2.5.0/org.eclipse.persistence.core-2.5.0.jar:/Users/ruben/.m2/repository/org/eclipse/persistence/org.eclipse.persistence.asm/2.5.0/org.eclipse.persistence.asm-2.5.0.jar:/Users/ruben/.m2/repository/org/eclipse/persistence/org.eclipse.persistence.antlr/2.5.0/org.eclipse.persistence.antlr-2.5.0.jar:/Users/ruben/.m2/repository/javax/xml/bind/jaxb-api/2.3.0/jaxb-api-2.3.0.jar:/Users/ruben/.m2/repository/com/google/code/gson/gson/2.8.2/gson-2.8.2.jar:/Users/ruben/.m2/repository/org/apache/httpcomponents/httpclient/4.5.3/httpclient-4.5.3.jar:/Users/ruben/.m2/repository/org/apache/httpcomponents/httpcore/4.4.6/httpcore-4.4.6.jar:/Users/ruben/.m2/repository/commons-logging/commons-logging/1.2/commons-logging-1.2.jar:/Users/ruben/.m2/repository/commons-codec/commons-codec/1.9/commons-codec-1.9.jar:/Users/ruben/.m2/repository/javax/websocket/javax.websocket-api/1.0/javax.websocket-api-1.0.jar:/Users/ruben/.m2/repository/org/eclipse/jetty/websocket/javax-websocket-server-impl/9.2.7.v20150116/javax-websocket-server-impl-9.2.7.v20150116.jar:/Users/ruben/.m2/repository/org/eclipse/jetty/jetty-annotations/9.2.7.v20150116/jetty-annotations-9.2.7.v20150116.jar:/Users/ruben/.m2/repository/org/eclipse/jetty/jetty-plus/9.2.7.v20150116/jetty-plus-9.2.7.v20150116.jar:/Users/ruben/.m2/repository/org/eclipse/jetty/jetty-jndi/9.2.7.v20150116/jetty-jndi-9.2.7.v20150116.jar:/Users/ruben/.m2/repository/org/eclipse/jetty/jetty-webapp/9.2.7.v20150116/jetty-webapp-9.2.7.v20150116.jar:/Users/ruben/.m2/repository/org/eclipse/jetty/jetty-xml/9.2.7.v20150116/jetty-xml-9.2.7.v20150116.jar:/Users/ruben/.m2/repository/org/ow2/asm/asm/5.0.1/asm-5.0.1.jar:/Users/ruben/.m2/repository/org/ow2/asm/asm-commons/5.0.1/asm-commons-5.0.1.jar:/Users/ruben/.m2/repository/org/ow2/asm/asm-tree/5.0.1/asm-tree-5.0.1.jar:/Users/ruben/.m2/repository/org/eclipse/jetty/websocket/javax-websocket-client-impl/9.2.7.v20150116/javax-websocket-client-impl-9.2.7.v20150116.jar:/Users/ruben/.m2/repository/org/eclipse/jetty/websocket/websocket-client/9.2.7.v20150116/websocket-client-9.2.7.v20150116.jar:/Users/ruben/.m2/repository/org/eclipse/jetty/websocket/websocket-server/9.2.7.v20150116/websocket-server-9.2.7.v20150116.jar:/Users/ruben/.m2/repository/org/eclipse/jetty/websocket/websocket-common/9.2.7.v20150116/websocket-common-9.2.7.v20150116.jar:/Users/ruben/.m2/repository/org/eclipse/jetty/websocket/websocket-api/9.2.7.v20150116/websocket-api-9.2.7.v20150116.jar:/Users/ruben/.m2/repository/org/eclipse/jetty/websocket/websocket-servlet/9.2.7.v20150116/websocket-servlet-9.2.7.v20150116.jar:/Users/ruben/.m2/repository/mysql/mysql-connector-java/8.0.14/mysql-connector-java-8.0.14.jar:/Users/ruben/.m2/repository/com/google/protobuf/protobuf-java/3.6.1/protobuf-java-3.6.1.jar:/Users/ruben/.m2/repository/com/fasterxml/jackson/core/jackson-databind/2.9.8/jackson-databind-2.9.8.jar:/Users/ruben/.m2/repository/com/fasterxml/jackson/core/jackson-annotations/2.9.0/jackson-annotations-2.9.0.jar:/Users/ruben/.m2/repository/com/fasterxml/jackson/core/jackson-core/2.9.8/jackson-core-2.9.8.jar:/Users/ruben/.m2/repository/com/googlecode/json-simple/json-simple/1.1.1/json-simple-1.1.1.jar:/Users/ruben/.m2/repository/junit/junit/4.10/junit-4.10.jar:/Users/ruben/.m2/repository/org/hamcrest/hamcrest-core/1.1/hamcrest-core-1.1.jar:"/>
    <property name="java.vm.vendor" value="JetBrains s.r.o"/>
    <property name="sun.arch.data.model" value="64"/>
    <property name="java.vendor.url" value="https://www.jetbrains.com/"/>
    <property name="user.timezone" value=""/>
    <property name="java.vm.specification.version" value="11"/>
    <property name="os.name" value="Mac OS X"/>
    <property name="sun.java.launcher" value="SUN_STANDARD"/>
    <property name="user.country" value="GB"/>
    <property name="sun.boot.library.path" value="/Applications/IntelliJ IDEA.app/Contents/jbr/Contents/Home/lib"/>
    <property name="sun.java.command" value="/Users/ruben/Desktop/Big Idea/Chemistry-Buddy/target/surefire/surefirebooter13508343740127845927.jar /Users/ruben/Desktop/Big Idea/Chemistry-Buddy/target/surefire 2020-01-14T02-31-21_985-jvmRun1 surefire4501082800177714790tmp surefire_08845483113127777185tmp"/>
    <property name="http.nonProxyHosts" value="local|*.local|169.254/16|*.169.254/16"/>
    <property name="jdk.debug" value="release"/>
    <property name="surefire.test.class.path" value="/Users/ruben/Desktop/Big Idea/Chemistry-Buddy/target/test-classes:/Users/ruben/Desktop/Big Idea/Chemistry-Buddy/target/classes:/Users/ruben/.m2/repository/org/junit/jupiter/junit-jupiter/5.6.0-RC1/junit-jupiter-5.6.0-RC1.jar:/Users/ruben/.m2/repository/org/junit/jupiter/junit-jupiter-api/5.6.0-RC1/junit-jupiter-api-5.6.0-RC1.jar:/Users/ruben/.m2/repository/org/apiguardian/apiguardian-api/1.1.0/apiguardian-api-1.1.0.jar:/Users/ruben/.m2/repository/org/opentest4j/opentest4j/1.2.0/opentest4j-1.2.0.jar:/Users/ruben/.m2/repository/org/junit/platform/junit-platform-commons/1.6.0-RC1/junit-platform-commons-1.6.0-RC1.jar:/Users/ruben/.m2/repository/org/junit/jupiter/junit-jupiter-params/5.6.0-RC1/junit-jupiter-params-5.6.0-RC1.jar:/Users/ruben/.m2/repository/org/junit/jupiter/junit-jupiter-engine/5.6.0-RC1/junit-jupiter-engine-5.6.0-RC1.jar:/Users/ruben/.m2/repository/org/junit/platform/junit-platform-engine/1.6.0-RC1/junit-platform-engine-1.6.0-RC1.jar:/Users/ruben/.m2/repository/org/openjfx/javafx-controls/12.0.2/javafx-controls-12.0.2.jar:/Users/ruben/.m2/repository/org/openjfx/javafx-controls/12.0.2/javafx-controls-12.0.2-mac.jar:/Users/ruben/.m2/repository/org/openjfx/javafx-graphics/12.0.2/javafx-graphics-12.0.2.jar:/Users/ruben/.m2/repository/org/openjfx/javafx-graphics/12.0.2/javafx-graphics-12.0.2-mac.jar:/Users/ruben/.m2/repository/org/openjfx/javafx-base/12.0.2/javafx-base-12.0.2.jar:/Users/ruben/.m2/repository/org/openjfx/javafx-base/12.0.2/javafx-base-12.0.2-mac.jar:/Users/ruben/.m2/repository/org/openjfx/javafx-fxml/12.0.2/javafx-fxml-12.0.2.jar:/Users/ruben/.m2/repository/org/openjfx/javafx-fxml/12.0.2/javafx-fxml-12.0.2-mac.jar:/Users/ruben/.m2/repository/javax/activation/activation/1.1.1/activation-1.1.1.jar:/Users/ruben/.m2/repository/org/eclipse/jetty/jetty-server/9.2.3.v20140905/jetty-server-9.2.3.v20140905.jar:/Users/ruben/.m2/repository/javax/servlet/javax.servlet-api/3.1.0/javax.servlet-api-3.1.0.jar:/Users/ruben/.m2/repository/org/eclipse/jetty/jetty-http/9.2.3.v20140905/jetty-http-9.2.3.v20140905.jar:/Users/ruben/.m2/repository/org/eclipse/jetty/jetty-util/9.2.3.v20140905/jetty-util-9.2.3.v20140905.jar:/Users/ruben/.m2/repository/org/eclipse/jetty/jetty-io/9.2.3.v20140905/jetty-io-9.2.3.v20140905.jar:/Users/ruben/.m2/repository/org/eclipse/jetty/jetty-servlet/9.2.3.v20140905/jetty-servlet-9.2.3.v20140905.jar:/Users/ruben/.m2/repository/org/eclipse/jetty/jetty-security/9.2.3.v20140905/jetty-security-9.2.3.v20140905.jar:/Users/ruben/.m2/repository/org/glassfish/jersey/core/jersey-server/2.7/jersey-server-2.7.jar:/Users/ruben/.m2/repository/org/glassfish/jersey/core/jersey-common/2.7/jersey-common-2.7.jar:/Users/ruben/.m2/repository/org/glassfish/jersey/bundles/repackaged/jersey-guava/2.7/jersey-guava-2.7.jar:/Users/ruben/.m2/repository/org/glassfish/hk2/osgi-resource-locator/1.0.1/osgi-resource-locator-1.0.1.jar:/Users/ruben/.m2/repository/org/glassfish/jersey/core/jersey-client/2.7/jersey-client-2.7.jar:/Users/ruben/.m2/repository/javax/ws/rs/javax.ws.rs-api/2.0/javax.ws.rs-api-2.0.jar:/Users/ruben/.m2/repository/javax/annotation/javax.annotation-api/1.2/javax.annotation-api-1.2.jar:/Users/ruben/.m2/repository/org/glassfish/hk2/hk2-api/2.2.0/hk2-api-2.2.0.jar:/Users/ruben/.m2/repository/org/glassfish/hk2/hk2-utils/2.2.0/hk2-utils-2.2.0.jar:/Users/ruben/.m2/repository/org/glassfish/hk2/external/aopalliance-repackaged/2.2.0/aopalliance-repackaged-2.2.0.jar:/Users/ruben/.m2/repository/org/glassfish/hk2/external/javax.inject/2.2.0/javax.inject-2.2.0.jar:/Users/ruben/.m2/repository/org/glassfish/hk2/hk2-locator/2.2.0/hk2-locator-2.2.0.jar:/Users/ruben/.m2/repository/org/javassist/javassist/3.18.1-GA/javassist-3.18.1-GA.jar:/Users/ruben/.m2/repository/javax/validation/validation-api/1.1.0.Final/validation-api-1.1.0.Final.jar:/Users/ruben/.m2/repository/org/glassfish/jersey/containers/jersey-container-servlet-core/2.7/jersey-container-servlet-core-2.7.jar:/Users/ruben/.m2/repository/org/glassfish/jersey/containers/jersey-container-jetty-http/2.7/jersey-container-jetty-http-2.7.jar:/Users/ruben/.m2/repository/org/eclipse/jetty/jetty-continuation/9.1.1.v20140108/jetty-continuation-9.1.1.v20140108.jar:/Users/ruben/.m2/repository/org/glassfish/jersey/media/jersey-media-moxy/2.7/jersey-media-moxy-2.7.jar:/Users/ruben/.m2/repository/org/glassfish/jersey/ext/jersey-entity-filtering/2.7/jersey-entity-filtering-2.7.jar:/Users/ruben/.m2/repository/org/eclipse/persistence/org.eclipse.persistence.moxy/2.5.0/org.eclipse.persistence.moxy-2.5.0.jar:/Users/ruben/.m2/repository/org/eclipse/persistence/org.eclipse.persistence.core/2.5.0/org.eclipse.persistence.core-2.5.0.jar:/Users/ruben/.m2/repository/org/eclipse/persistence/org.eclipse.persistence.asm/2.5.0/org.eclipse.persistence.asm-2.5.0.jar:/Users/ruben/.m2/repository/org/eclipse/persistence/org.eclipse.persistence.antlr/2.5.0/org.eclipse.persistence.antlr-2.5.0.jar:/Users/ruben/.m2/repository/javax/xml/bind/jaxb-api/2.3.0/jaxb-api-2.3.0.jar:/Users/ruben/.m2/repository/com/google/code/gson/gson/2.8.2/gson-2.8.2.jar:/Users/ruben/.m2/repository/org/apache/httpcomponents/httpclient/4.5.3/httpclient-4.5.3.jar:/Users/ruben/.m2/repository/org/apache/httpcomponents/httpcore/4.4.6/httpcore-4.4.6.jar:/Users/ruben/.m2/repository/commons-logging/commons-logging/1.2/commons-logging-1.2.jar:/Users/ruben/.m2/repository/commons-codec/commons-codec/1.9/commons-codec-1.9.jar:/Users/ruben/.m2/repository/javax/websocket/javax.websocket-api/1.0/javax.websocket-api-1.0.jar:/Users/ruben/.m2/repository/org/eclipse/jetty/websocket/javax-websocket-server-impl/9.2.7.v20150116/javax-websocket-server-impl-9.2.7.v20150116.jar:/Users/ruben/.m2/repository/org/eclipse/jetty/jetty-annotations/9.2.7.v20150116/jetty-annotations-9.2.7.v20150116.jar:/Users/ruben/.m2/repository/org/eclipse/jetty/jetty-plus/9.2.7.v20150116/jetty-plus-9.2.7.v20150116.jar:/Users/ruben/.m2/repository/org/eclipse/jetty/jetty-jndi/9.2.7.v20150116/jetty-jndi-9.2.7.v20150116.jar:/Users/ruben/.m2/repository/org/eclipse/jetty/jetty-webapp/9.2.7.v20150116/jetty-webapp-9.2.7.v20150116.jar:/Users/ruben/.m2/repository/org/eclipse/jetty/jetty-xml/9.2.7.v20150116/jetty-xml-9.2.7.v20150116.jar:/Users/ruben/.m2/repository/org/ow2/asm/asm/5.0.1/asm-5.0.1.jar:/Users/ruben/.m2/repository/org/ow2/asm/asm-commons/5.0.1/asm-commons-5.0.1.jar:/Users/ruben/.m2/repository/org/ow2/asm/asm-tree/5.0.1/asm-tree-5.0.1.jar:/Users/ruben/.m2/repository/org/eclipse/jetty/websocket/javax-websocket-client-impl/9.2.7.v20150116/javax-websocket-client-impl-9.2.7.v20150116.jar:/Users/ruben/.m2/repository/org/eclipse/jetty/websocket/websocket-client/9.2.7.v20150116/websocket-client-9.2.7.v20150116.jar:/Users/ruben/.m2/repository/org/eclipse/jetty/websocket/websocket-server/9.2.7.v20150116/websocket-server-9.2.7.v20150116.jar:/Users/ruben/.m2/repository/org/eclipse/jetty/websocket/websocket-common/9.2.7.v20150116/websocket-common-9.2.7.v20150116.jar:/Users/ruben/.m2/repository/org/eclipse/jetty/websocket/websocket-api/9.2.7.v20150116/websocket-api-9.2.7.v20150116.jar:/Users/ruben/.m2/repository/org/eclipse/jetty/websocket/websocket-servlet/9.2.7.v20150116/websocket-servlet-9.2.7.v20150116.jar:/Users/ruben/.m2/repository/mysql/mysql-connector-java/8.0.14/mysql-connector-java-8.0.14.jar:/Users/ruben/.m2/repository/com/google/protobuf/protobuf-java/3.6.1/protobuf-java-3.6.1.jar:/Users/ruben/.m2/repository/com/fasterxml/jackson/core/jackson-databind/2.9.8/jackson-databind-2.9.8.jar:/Users/ruben/.m2/repository/com/fasterxml/jackson/core/jackson-annotations/2.9.0/jackson-annotations-2.9.0.jar:/Users/ruben/.m2/repository/com/fasterxml/jackson/core/jackson-core/2.9.8/jackson-core-2.9.8.jar:/Users/ruben/.m2/repository/com/googlecode/json-simple/json-simple/1.1.1/json-simple-1.1.1.jar:/Users/ruben/.m2/repository/junit/junit/4.10/junit-4.10.jar:/Users/ruben/.m2/repository/org/hamcrest/hamcrest-core/1.1/hamcrest-core-1.1.jar:"/>
    <property name="sun.cpu.endian" value="little"/>
    <property name="user.home" value="/Users/ruben"/>
    <property name="user.language" value="en"/>
    <property name="java.specification.vendor" value="Oracle Corporation"/>
    <property name="java.version.date" value="2019-07-16"/>
    <property name="java.home" value="/Applications/IntelliJ IDEA.app/Contents/jbr/Contents/Home"/>
    <property name="file.separator" value="/"/>
    <property name="basedir" value="/Users/ruben/Desktop/Big Idea/Chemistry-Buddy"/>
    <property name="java.vm.compressedOopsMode" value="Zero based"/>
    <property name="line.separator" value="&#10;"/>
    <property name="idea.version2019.2.4" value="true"/>
    <property name="java.specification.name" value="Java Platform API Specification"/>
    <property name="java.vm.specification.vendor" value="Oracle Corporation"/>
    <property name="java.awt.graphicsenv" value="sun.awt.CGraphicsEnvironment"/>
    <property name="surefire.real.class.path" value="/Users/ruben/Desktop/Big Idea/Chemistry-Buddy/target/surefire/surefirebooter13508343740127845927.jar"/>
    <property name="sun.management.compiler" value="HotSpot 64-Bit Tiered Compilers"/>
    <property name="ftp.nonProxyHosts" value="local|*.local|169.254/16|*.169.254/16"/>
    <property name="java.runtime.version" value="11.0.4+10-b304.77"/>
    <property name="user.name" value="ruben"/>
    <property name="path.separator" value=":"/>
    <property name="os.version" value="10.15.2"/>
    <property name="java.runtime.name" value="OpenJDK Runtime Environment"/>
    <property name="file.encoding" value="UTF-8"/>
    <property name="java.vm.name" value="OpenJDK 64-Bit Server VM"/>
    <property name="localRepository" value="/Users/ruben/.m2/repository"/>
    <property name="java.vendor.url.bug" value="https://youtrack.jetbrains.com"/>
    <property name="java.io.tmpdir" value="/var/folders/tl/hx5j594x54j3ygbrgxct6d100000gn/T/"/>
    <property name="java.version" value="11.0.4"/>
    <property name="user.dir" value="/Users/ruben/Desktop/Big Idea/Chemistry-Buddy"/>
    <property name="os.arch" value="x86_64"/>
    <property name="java.vm.specification.name" value="Java Virtual Machine Specification"/>
    <property name="java.awt.printerjob" value="sun.lwawt.macosx.CPrinterJob"/>
    <property name="sun.os.patch.level" value="unknown"/>
    <property name="java.library.path" value="/Users/ruben/Library/Java/Extensions:/Library/Java/Extensions:/Network/Library/Java/Extensions:/System/Library/Java/Extensions:/usr/lib/java:."/>
    <property name="java.vendor" value="JetBrains s.r.o"/>
    <property name="java.vm.info" value="mixed mode"/>
    <property name="java.vm.version" value="11.0.4+10-b304.77"/>
    <property name="sun.io.unicode.encoding" value="UnicodeBig"/>
    <property name="java.class.version" value="55.0"/>
    <property name="socksNonProxyHosts" value="local|*.local|169.254/16|*.169.254/16"/>
  </properties>
  <testcase name="correctLogin" classname="service.LoginServiceTest" time="0.047"/>
  <testcase name="incorrectLogin" classname="service.LoginServiceTest" time="0.035"/>
</testsuite>